<?xml version="1.0" encoding="utf-8"?><testsuites name="pytest tests"><testsuite name="pytest" errors="0" failures="1" skipped="0" tests="32" time="8.905" timestamp="2026-09-14T08:08:57.841644+00:00" hostname="agent-env-2d1ecbda-ea17-462d-b7b9-58b6d7b5361b"><testcase classname="tests.test_lifecycle.TestAuth" name="test_login_success_sets_cookies" time="0.418" /><testcase classname="tests.test_lifecycle.TestAuth" name="test_login_wrong_password" time="0.356" /><testcase classname="tests.test_lifecycle.TestAuth" name="test_me_with_cookie" time="0.405" /><testcase classname="tests.test_lifecycle.TestAuth" name="test_logout_clears" time="0.445" /><testcase classname="tests.test_lifecycle.TestClients" name="test_list_clients_has_seed" time="0.394"><failure message="assert False&#10; +  where False = any(&lt;generator object TestClients.test_list_clients_has_seed.&lt;locals&gt;.&lt;genexpr&gt; at 0xfa6badebda40&gt;)">backend/tests/test_lifecycle.py:66: in test_list_clients_has_seed
    assert any("Svelte" in n for n in names)
E   assert False
E    +  where False = any(&lt;generator object TestClients.test_list_clients_has_seed.&lt;locals&gt;.&lt;genexpr&gt; at 0xfa6badebda40&gt;)</failure></testcase><testcase classname="tests.test_lifecycle.TestClients" name="test_create_client_admin" time="0.426" /><testcase classname="tests.test_lifecycle.TestClients" name="test_client_detail_includes_related" time="0.381" /><testcase classname="tests.test_lifecycle.TestOrders" name="test_create_order_autofields" time="0.393" /><testcase classname="tests.test_lifecycle.TestOrders" name="test_list_orders_search" time="0.071" /><testcase classname="tests.test_lifecycle.TestOrders" name="test_order_detail_arrays" time="0.062" /><testcase classname="tests.test_lifecycle.TestLifecycleEnforcement" name="test_production_locked_before_approval" time="0.059" /><testcase classname="tests.test_lifecycle.TestLifecycleEnforcement" name="test_dispatch_locked_before_production" time="0.058" /><testcase classname="tests.test_lifecycle.TestLifecycleEnforcement" name="test_invoice_locked_before_delivery" time="0.062" /><testcase classname="tests.test_lifecycle.TestDesignApprovalFlow" name="test_create_design_moves_to_approval" time="0.122" /><testcase classname="tests.test_lifecycle.TestDesignApprovalFlow" name="test_rejection_returns_to_design" time="0.126" /><testcase classname="tests.test_lifecycle.TestDesignApprovalFlow" name="test_approval_moves_to_production" time="0.122" /><testcase classname="tests.test_lifecycle.TestProductionDispatch" name="test_production_in_progress" time="0.059" /><testcase classname="tests.test_lifecycle.TestProductionDispatch" name="test_production_completed_moves_to_dispatch" time="0.061" /><testcase classname="tests.test_lifecycle.TestProductionDispatch" name="test_dispatch_creates_challan" time="0.124" /><testcase classname="tests.test_lifecycle.TestDeliveryInvoicePayment" name="test_delivery_moves_to_accounts" time="0.126" /><testcase classname="tests.test_lifecycle.TestDeliveryInvoicePayment" name="test_invoice_generated" time="0.062" /><testcase classname="tests.test_lifecycle.TestDeliveryInvoicePayment" name="test_partial_payment" time="0.132" /><testcase classname="tests.test_lifecycle.TestDeliveryInvoicePayment" name="test_full_payment" time="0.125" /><testcase classname="tests.test_lifecycle.TestDocuments" name="test_upload_and_download" time="0.189" /><testcase classname="tests.test_lifecycle.TestNotifications" name="test_notifications_after_order" time="0.422" /><testcase classname="tests.test_lifecycle.TestNotifications" name="test_production_notification" time="0.443" /><testcase classname="tests.test_lifecycle.TestNotifications" name="test_accounts_notification" time="0.386" /><testcase classname="tests.test_lifecycle.TestSearchReports" name="test_search_aster" time="0.402" /><testcase classname="tests.test_lifecycle.TestSearchReports" name="test_reports" time="0.392" /><testcase classname="tests.test_lifecycle.TestRBAC" name="test_sales_cannot_production" time="0.398" /><testcase classname="tests.test_lifecycle.TestRBAC" name="test_production_cannot_dispatch" time="0.425" /><testcase classname="tests.test_lifecycle.TestRBAC" name="test_accounts_can_invoice_flow" time="1.173" /></testsuite></testsuites>