<?xml version="1.0" encoding="utf-8"?><testsuites name="pytest tests"><testsuite name="pytest" errors="0" failures="1" skipped="0" tests="13" time="6.901" timestamp="2026-09-14T07:44:03.698884+00:00" hostname="agent-env-2d1ecbda-ea17-462d-b7b9-58b6d7b5361b"><testcase classname="tests.test_crm_api" name="test_login_sets_session_and_me" time="0.412" /><testcase classname="tests.test_crm_api" name="test_protected_endpoints_require_authentication" time="0.127" /><testcase classname="tests.test_crm_api" name="test_seeded_role_users_can_login[admin@pinakisolutions.com-admin]" time="0.402" /><testcase classname="tests.test_crm_api" name="test_seeded_role_users_can_login[sales@pinakisolutions.com-sales]" time="0.420" /><testcase classname="tests.test_crm_api" name="test_seeded_role_users_can_login[design@pinakisolutions.com-design]" time="0.388" /><testcase classname="tests.test_crm_api" name="test_seeded_role_users_can_login[production@pinakisolutions.com-production]" time="0.441" /><testcase classname="tests.test_crm_api" name="test_seeded_role_users_can_login[accounts@pinakisolutions.com-accounts]" time="0.392" /><testcase classname="tests.test_crm_api" name="test_dashboard_orders_and_detail_have_expected_data" time="0.548" /><testcase classname="tests.test_crm_api" name="test_lifecycle_guards_return_clear_conflicts" time="0.640" /><testcase classname="tests.test_crm_api" name="test_document_upload_returns_persistent_linked_record" time="0.397" /><testcase classname="tests.test_crm_api" name="test_non_sales_role_cannot_create_client" time="0.392" /><testcase classname="tests.test_crm_api" name="test_login_cors_and_cookie_security_attributes" time="0.329"><failure message="AssertionError: assert 'https://pina...rgentcf.cloud' == 'https://pina...gentagent.com'&#10;  &#10;  - https://pinaki-crm.preview.emergentagent.com&#10;  ?                                    ^^^^^   ^&#10;  + https://pinaki-crm.cluster-2.preview.emergentcf.cloud&#10;  ?                    ++++++++++                ^^  + ^^">backend/tests/test_crm_api.py:143: in test_login_cors_and_cookie_security_attributes
    assert response.headers.get("access-control-allow-origin") == "https://pinaki-crm.preview.emergentagent.com"
E   AssertionError: assert 'https://pina...rgentcf.cloud' == 'https://pina...gentagent.com'
E     
E     - https://pinaki-crm.preview.emergentagent.com
E     ?                                    ^^^^^   ^
E     + https://pinaki-crm.cluster-2.preview.emergentcf.cloud
E     ?                    ++++++++++                ^^  + ^^</failure></testcase><testcase classname="tests.test_crm_api" name="test_brute_force_lockout_after_five_failures" time="1.525" /></testsuite></testsuites>